
2013-07-03 06:05:47 ERR (3): SQLSTATE[42S02]: Base table or view not found: 1146 Table 'joyofcod_introtohtml.TBL_USER' doesn't exist
Array
(
    [0] => INSERT INTO `TBL_USER` (`firstname`, `username`, `password`) VALUES (?, ?, ?)
    [1] => Array
        (
            [0] => Test
            [1] => test@email.com
            [2] => d41d8cd98f00b204e9800998ecf8427e
        )

)

2013-07-03 06:07:47 ERR (3): SQLSTATE[42S02]: Base table or view not found: 1146 Table 'joyofcod_introtohtml.TBL_USER' doesn't exist
Array
(
    [0] => INSERT INTO `TBL_USER` (`firstname`, `username`, `password`) VALUES (?, ?, ?)
    [1] => Array
        (
            [0] => Test
            [1] => test@email.com
            [2] => d41d8cd98f00b204e9800998ecf8427e
        )

)

2013-07-03 06:09:21 ERR (3): SQLSTATE[42S22]: Column not found: 1054 Unknown column 'username' in 'field list'
Array
(
    [0] => INSERT INTO `user` (`firstname`, `username`, `password`) VALUES (?, ?, ?)
    [1] => Array
        (
            [0] => Test
            [1] => test@email.com
            [2] => d41d8cd98f00b204e9800998ecf8427e
        )

)

2013-07-03 06:12:22 ERR (3): SQLSTATE[42S22]: Column not found: 1054 Unknown column 'username' in 'field list'
Array
(
    [0] => INSERT INTO `user` (`firstname`, `username`, `password`) VALUES (?, ?, ?)
    [1] => Array
        (
            [0] => 
            [1] => 
            [2] => d41d8cd98f00b204e9800998ecf8427e
        )

)

2013-07-03 06:12:49 ERR (3): SQLSTATE[42S22]: Column not found: 1054 Unknown column 'username' in 'field list'
Array
(
    [0] => INSERT INTO `user` (`firstname`, `username`, `password`) VALUES (?, ?, ?)
    [1] => Array
        (
            [0] => Testing
            [1] => no@email.com
            [2] => 5f4dcc3b5aa765d61d8327deb882cf99
        )

)

2013-07-03 07:12:19 ERR (3): Session must be started before any output has been sent to the browser; output started in /home1/joyofcod/public_html/_dev_intro/app/config/config.php/25
Array
(
)

2013-07-03 07:12:48 ERR (3): Session must be started before any output has been sent to the browser; output started in /home1/joyofcod/public_html/_dev_intro/app/config/config.php/25
Array
(
)

2013-07-03 07:12:56 ERR (3): Session must be started before any output has been sent to the browser; output started in /home1/joyofcod/public_html/_dev_intro/app/config/config.php/25
Array
(
)

2013-07-03 07:13:12 ERR (3): Session must be started before any output has been sent to the browser; output started in /home1/joyofcod/public_html/_dev_intro/app/config/config.php/25
Array
(
)

2013-07-03 09:56:15 ERR (3): SQLSTATE[23000]: Integrity constraint violation: 1062 Duplicate entry 'asdvasdv@nonae.com' for key 'email'

2013-07-03 09:57:03 ERR (3): SQLSTATE[23000]: Integrity constraint violation: 1062 Duplicate entry 'asdvasdv@nonae.com' for key 'email'
Array
(
    [0] => INSERT INTO `user` (`firstname`, `email`, `password`) VALUES (?, ?, ?)
    [1] => Array
        (
            [0] => asvdasdv
            [1] => asdvasdv@nonae.com
            [2] => a8048cc6692ffac56b39e7d01ceabf8a
        )

)

2013-07-03 09:58:37 ERR (3): SQLSTATE[23000]: Integrity constraint violation: 1062 Duplicate entry 'asdvasdv@nonae.com' for key 'email'
Array
(
    [0] => INSERT INTO `user` (`firstname`, `email`, `password`) VALUES (?, ?, ?)
    [1] => Array
        (
            [0] => asvdasdv
            [1] => asdvasdv@nonae.com
            [2] => a8048cc6692ffac56b39e7d01ceabf8a
        )

)

2013-07-03 10:07:49 ERR (3): SQLSTATE[23000]: Integrity constraint violation: 1062 Duplicate entry 'bub@bub.com' for key 'email'
Array
(
    [0] => INSERT INTO `user` (`firstname`, `email`, `password`) VALUES (?, ?, ?)
    [1] => Array
        (
            [0] => asvdasdv
            [1] => bub@bub.com
            [2] => a35fb2fe6f536d54d4af7d699814e951
        )

)

2013-07-03 10:17:16 ERR (3): Session must be started before any output has been sent to the browser; output started in /home1/joyofcod/public_html/_dev_intro/app/config/config.php/62
Array
(
)

2013-07-03 10:17:55 ERR (3): SQLSTATE[23000]: Integrity constraint violation: 1062 Duplicate entry 'bub@bub3.com' for key 'email'
Array
(
    [0] => INSERT INTO `user` (`firstname`, `email`, `password`) VALUES (?, ?, ?)
    [1] => Array
        (
            [0] => asvdasdv
            [1] => bub@bub3.com
            [2] => e0469b16c41c8a328a287466098f18cd
        )

)

2013-07-03 10:20:22 ERR (3): SQLSTATE[23000]: Integrity constraint violation: 1062 Duplicate entry 'bub@bub5.com' for key 'email'
Array
(
    [0] => INSERT INTO `user` (`firstname`, `email`, `password`) VALUES (?, ?, ?)
    [1] => Array
        (
            [0] => asvdasdv
            [1] => bub@bub5.com
            [2] => dadd121d86e793c56c40ee5f89e1046a
        )

)

2013-07-03 10:26:48 ERR (3): session has already been started by session.auto-start or session_start()
Array
(
)

2013-07-03 10:27:09 ERR (3): SQLSTATE[23000]: Integrity constraint violation: 1062 Duplicate entry 'ebusddbs@bub5.com' for key 'email'
Array
(
    [0] => INSERT INTO `user` (`firstname`, `email`, `password`) VALUES (?, ?, ?)
    [1] => Array
        (
            [0] => asvdasdv
            [1] => ebusddbs@bub5.com
            [2] => 3d066fb55e77850e70da435deb9196d9
        )

)

2013-07-22 03:31:06 ERR (3): SQLSTATE[42S22]: Column not found: 1054 Unknown column 'found' in 'field list'
Array
(
    [0] => UPDATE `user` SET `lastname` = ?, `found` = ?, `subscribe` = ?, `promo` = ?, `tos` = ? WHERE (user_id = 1)
    [1] => Array
        (
            [0] => 
            [1] => 
            [2] => 
            [3] => 
            [4] => 
        )

)

2013-07-22 03:31:33 ERR (3): SQLSTATE[42S22]: Column not found: 1054 Unknown column 'found' in 'field list'
Array
(
    [0] => UPDATE `user` SET `lastname` = ?, `found` = ?, `subscribe` = ?, `promo` = ?, `tos` = ? WHERE (user_id = 1)
    [1] => Array
        (
            [0] => 
            [1] => 
            [2] => 
            [3] => 
            [4] => 
        )

)

2013-07-22 03:32:29 ERR (3): SQLSTATE[42S22]: Column not found: 1054 Unknown column 'found' in 'field list'
Array
(
    [0] => UPDATE `user` SET `lastname` = ?, `found` = ?, `subscribe` = ?, `promo` = ?, `tos` = ? WHERE (user_id = 1)
    [1] => Array
        (
            [0] => 
            [1] => 
            [2] => 
            [3] => 
            [4] => 
        )

)

2013-08-04 21:45:20 ERR (3): SQLSTATE[23000]: Integrity constraint violation: 1062 Duplicate entry 'no@email4.com' for key 'email'
Array
(
    [0] => INSERT INTO `user` (`firstname`, `email`, `password`, `promo`) VALUES (?, ?, ?, ?)
    [1] => Array
        (
            [0] => Gbenga
            [1] => no@email4.com
            [2] => 5f4dcc3b5aa765d61d8327deb882cf99
            [3] => iced tea cubes
        )

)

2013-08-04 21:49:06 ERR (3): SQLSTATE[23000]: Integrity constraint violation: 1062 Duplicate entry 'no@email4.com' for key 'email'
Array
(
    [0] => INSERT INTO `user` (`firstname`, `email`, `password`, `promo`) VALUES (?, ?, ?, ?)
    [1] => Array
        (
            [0] => Gbenga
            [1] => no@email4.com
            [2] => 5f4dcc3b5aa765d61d8327deb882cf99
            [3] => cocoa
        )

)

2013-08-04 21:49:42 ERR (3): SQLSTATE[23000]: Integrity constraint violation: 1062 Duplicate entry 'no@email4.com' for key 'email'
Array
(
    [0] => INSERT INTO `user` (`firstname`, `email`, `password`, `promo`) VALUES (?, ?, ?, ?)
    [1] => Array
        (
            [0] => Gbenga
            [1] => no@email4.com
            [2] => 5f4dcc3b5aa765d61d8327deb882cf99
            [3] => cocoa
        )

)

2013-08-04 21:49:52 ERR (3): SQLSTATE[23000]: Integrity constraint violation: 1062 Duplicate entry 'no@email4.com' for key 'email'
Array
(
    [0] => INSERT INTO `user` (`firstname`, `email`, `password`, `promo`) VALUES (?, ?, ?, ?)
    [1] => Array
        (
            [0] => Gbenga
            [1] => no@email4.com
            [2] => 5f4dcc3b5aa765d61d8327deb882cf99
            [3] => cocoa
        )

)

